<?xml version="1.0" encoding="UTF-8"?>
<!-- Generated by org.testng.reporters.JUnitReportReporter -->
<testsuite hostname="Yas-Asifs-MacBook-Air.local" failures="0" tests="3" name="saucedemoPackage.loginfunction" time="12.924" errors="0" timestamp="2021-09-05T03:25:37 EDT" skipped="0">
  <testcase classname="saucedemoPackage.loginfunction" name="login" time="4.861"/>
  <system-out/>
  <testcase classname="saucedemoPackage.loginfunction" name="browseURl" time="8.040"/>
  <system-out/>
  <testcase classname="saucedemoPackage.loginfunction" name="validation" time="0.023"/>
  <system-out/>
</testsuite> <!-- saucedemoPackage.loginfunction -->
