<?xml version="1.0" encoding="UTF-8"?>
<!-- Generated by org.testng.reporters.JUnitReportReporter -->
<testsuite hostname="Yas-Asifs-MacBook-Air.local" failures="0" tests="2" name="saucedemoPackage.locked_user_saucedemo" time="9.710" errors="0" timestamp="2021-09-05T03:25:37 EDT" skipped="0">
  <testcase classname="saucedemoPackage.locked_user_saucedemo" name="login" time="1.558"/>
  <system-out/>
  <testcase classname="saucedemoPackage.locked_user_saucedemo" name="browseURl" time="8.152"/>
  <system-out/>
</testsuite> <!-- saucedemoPackage.locked_user_saucedemo -->
